make all --print-data-base --no-builtin-variables --no-builtin-rules --question
# GNU Make 4.2.1
# Built for x86_64-pc-linux-gnu
# Copyright (C) 1988-2016 Free Software Foundation, Inc.
# License GPLv3+: GNU GPL version 3 or later <http://gnu.org/licenses/gpl.html>
# This is free software: you are free to change and redistribute it.
# There is NO WARRANTY, to the extent permitted by law.

# Make data base, printed on Thu Feb 24 19:09:09 2022

# Variables

# automatic
<D = $(patsubst %/,%,$(dir $<))
# automatic
?F = $(notdir $?)
# environment
DESKTOP_SESSION = ubuntu
# default
.SHELLFLAGS := -c
# environment
XDG_SESSION_CLASS = user
# environment
XDG_SESSION_TYPE = x11
# environment
VSCODE_LOG_NATIVE = false
# automatic
?D = $(patsubst %/,%,$(dir $?))
# environment
IM_CONFIG_PHASE = 1
# makefile (from 'Makefile', line 16)
LICENSE_TARGETS := /home/liu/documents/work/cuda/nccl/build/LICENSE.txt
# automatic
@D = $(patsubst %/,%,$(dir $@))
# environment
XAUTHORITY = /home/liu/.Xauthority
# environment
GDMSESSION = ubuntu
# environment
XMODIFIERS = @im=ibus
# makefile
CURDIR := /home/liu/documents/work/cuda/nccl
# makefile
SHELL = /bin/sh
# environment
GDM_LANG = zh_CN
# environment
VSCODE_NLS_CONFIG = {"locale":"zh-cn","availableLanguages":{"*":"zh-cn"},"_languagePackId":"85dc8b33bfa057e31dfd84e9a10f67e1.zh-cn","_translationsConfigFile":"/home/liu/.config/Code/clp/85dc8b33bfa057e31dfd84e9a10f67e1.zh-cn/tcf.json","_cacheRoot":"/home/liu/.config/Code/clp/85dc8b33bfa057e31dfd84e9a10f67e1.zh-cn","_resolvedLanguagePackCoreLocation":"/home/liu/.config/Code/clp/85dc8b33bfa057e31dfd84e9a10f67e1.zh-cn/899d46d82c4c95423fb7e10e68eba52050e30ba3","_corruptedFile":"/home/liu/.config/Code/clp/85dc8b33bfa057e31dfd84e9a10f67e1.zh-cn/corrupted.info","_languagePackSupport":true}
# environment
_ = /usr/share/code/code
# environment
JOURNAL_STREAM = 8:46444
# environment
XDG_CONFIG_DIRS = /etc/xdg/xdg-ubuntu:/etc/xdg
# makefile (from 'Makefile', line 1)
MAKEFILE_LIST :=  Makefile
# automatic
@F = $(notdir $@)
# environment
GIO_LAUNCHED_DESKTOP_FILE = /usr/share/applications/code.desktop
# 'override' directive
GNUMAKEFLAGS := 
# environment
XDG_DATA_DIRS = /usr/share/ubuntu:/usr/local/share:/usr/share:/var/lib/snapd/desktop
# environment
DBUS_SESSION_BUS_ADDRESS = unix:path=/run/user/1000/bus
# environment
VSCODE_VERBOSE_LOGGING = true
# makefile (from 'Makefile', line 10)
BUILDDIR = $(abspath ./build)
# environment
MANAGERPID = 1945
# environment
LESSOPEN = | /usr/bin/lesspipe %s
# environment
VSCODE_CWD = /home/liu
# environment
XDG_SESSION_PATH = /org/freedesktop/DisplayManager/Session0
# default
MAKE_HOST := x86_64-pc-linux-gnu
# environment
PATH = /usr/local/cuda-11.4/bin:/opt/anaconda3/bin:/opt/anaconda3/condabin:/opt/anaconda3/condabin:/usr/local/cuda-11.5/bin:/usr/local/cuda-11.5/bin:/usr/local/cuda-11.5/bin:/usr/local/sbin:/usr/local/bin:/usr/sbin:/usr/bin:/sbin:/bin:/usr/games:/usr/local/games:/snap/bin:/usr/local/cuda-11.5/bin:/usr/local/cuda-11.5/bin
# environment
GPG_AGENT_INFO = /run/user/1000/gnupg/S.gpg-agent:0:1
# makefile (from 'Makefile', line 11)
ABSBUILDDIR := /home/liu/documents/work/cuda/nccl/build
# environment
SESSION_MANAGER = local/liu:@/tmp/.ICE-unix/2131,unix/liu:/tmp/.ICE-unix/2131
# environment
XDG_RUNTIME_DIR = /run/user/1000
# environment
LIBRARY_PATH = /home/liu/documents/work/cuda/nccl/build/lib:
# environment
CONDA_PREFIX = /opt/anaconda3
# environment
XDG_MENU_PREFIX = gnome-
# environment
VSCODE_LOG_STACK = false
# environment
VSCODE_CRASH_REPORTER_START_OPTIONS = {"companyName":"Microsoft","productName":"VSCode","submitURL":"appcenter://code?aid=fba07a4d-84bd-4fc8-a125-9640fc8ce171&uid=a3833ea1-5a12-42da-a327-d76be1a110ae&iid=a3833ea1-5a12-42da-a327-d76be1a110ae&sid=a3833ea1-5a12-42da-a327-d76be1a110ae","uploadToServer":true}
# environment
INVOCATION_ID = c5fb2b852a5f49db9aeeae35a7361ae5
# default
.FEATURES := target-specific order-only second-expansion else-if shortest-stem undefine oneshell archives jobserver output-sync check-symlink load
# environment
XDG_GREETER_DATA_DIR = /var/lib/lightdm-data/liu
# environment
LS_COLORS = 
# environment
XDG_SESSION_DESKTOP = ubuntu
# environment
SSH_AUTH_SOCK = /run/user/1000/keyring/ssh
# environment
GIO_LAUNCHED_DESKTOP_FILE_PID = 5331
# automatic
%F = $(notdir $%)
# environment
CPLUS_INCLUDE_PATH = /home/liu/documents/work/cuda/nccl/build/include:
# environment
DISPLAY = :0
# environment
CONDA_EXE = /opt/anaconda3/bin/conda
# environment
VSCODE_PIPE_LOGGING = true
# environment
PWD = /home/liu/documents/work/cuda/nccl
# default
.LOADED := 
# environment
SSH_AGENT_PID = 2090
# environment
ORIGINAL_XDG_CURRENT_DESKTOP = ubuntu:GNOME
# environment
GTK_MODULES = gail:atk-bridge
# environment
VSCODE_AMD_ENTRYPOINT = vs/workbench/services/extensions/node/extensionHostProcess
# environment
HOME = /home/liu
# environment
LD_LIBRARY_PATH = /home/liu/documents/work/cuda/nccl/build/lib:/usr/lib/x86_64-linux-gnu/openmpi/lib:/usr/local/cuda-11.5/lib64:
# environment
LESSCLOSE = /usr/bin/lesspipe %s %s
# environment
VSCODE_CODE_CACHE_PATH = /home/liu/.config/Code/CachedData/899d46d82c4c95423fb7e10e68eba52050e30ba3
# environment
LOGNAME = liu
# environment
APPLICATION_INSIGHTS_NO_DIAGNOSTIC_CHANNEL = true
# environment
CONDA_PROMPT_MODIFIER = (base) 
# environment
VSCODE_HANDLES_UNCAUGHT_ERRORS = true
# environment
GNOME_DESKTOP_SESSION_ID = this-is-deprecated
# automatic
^D = $(patsubst %/,%,$(dir $^))
# environment
MAKELEVEL := 0
# environment
CONDA_DEFAULT_ENV = base
# default
MAKE = $(MAKE_COMMAND)
# default
MAKECMDGOALS := all
# environment
QT_IM_MODULE = ibus
# environment
SHLVL = 0
# environment
GNOME_SHELL_SESSION_MODE = ubuntu
# environment
VSCODE_IPC_HOOK_EXTHOST = /run/user/1000/vscode-ipc-0c554c21-1090-4084-9a36-a9b81e8ea2aa.sock
# default
MAKE_VERSION := 4.2.1
# environment
USER = liu
# makefile
.DEFAULT_GOAL := default
# environment
XDG_CURRENT_DESKTOP = Unity
# automatic
%D = $(patsubst %/,%,$(dir $%))
# environment
CONDA_SHLVL = 1
# default
MAKE_COMMAND := make
# default
.VARIABLES := 
# automatic
*F = $(notdir $*)
# environment
LANGUAGE = zh_CN:zh
# environment
XDG_SEAT_PATH = /org/freedesktop/DisplayManager/Seat0
# environment
VSCODE_IPC_HOOK = /run/user/1000/vscode-4e3f2193-1.63.2-main.sock
# makefile (from 'Makefile', line 12)
TARGETS := src pkg
# makefile
MAKEFLAGS = pqrR
# environment
MFLAGS = -pqrR
# automatic
*D = $(patsubst %/,%,$(dir $*))
# environment
BREAKPAD_DUMP_LOCATION = /home/liu/.config/Code/exthost Crash Reports
# automatic
+D = $(patsubst %/,%,$(dir $+))
# environment
GDK_BACKEND = x11
# automatic
+F = $(notdir $+)
# environment
QT_ACCESSIBILITY = 1
# makefile (from 'Makefile', line 15)
LICENSE_FILES := LICENSE.txt
# default
MAKEFILES := 
# automatic
<F = $(notdir $<)
# environment
ELECTRON_RUN_AS_NODE = 1
# environment
LC_ALL = C
# environment
CONDA_PYTHON_EXE = /opt/anaconda3/bin/python
# environment
GJS_DEBUG_TOPICS = JS ERROR;JS LOG
# automatic
^F = $(notdir $^)
# default
SUFFIXES := 
# environment
_CE_M = 
# environment
CHROME_DESKTOP = code-url-handler.desktop
# default
.INCLUDE_DIRS = /usr/include /usr/local/include /usr/include
# environment
GJS_DEBUG_OUTPUT = stderr
# default
.RECIPEPREFIX := 
# environment
LANG = C
# environment
VSCODE_PID = 5331
# environment
_CE_CONDA = 
# variable set hash-table stats:
# Load=118/1024=12%, Rehash=0, Collisions=12/150=8%

# Pattern-specific Variable Values

# No pattern-specific variable values.

# Directories

# . (device 66314, inode 21536814): 16 files, no impossibilities.

# 16 files, no impossibilities in 1 directories.

# Implicit Rules

/home/liu/documents/work/cuda/nccl/build/%.txt: %.txt
#  recipe to execute (from 'Makefile', line 20):
	@printf "Copying    %-35s > %s\n" $< $@
	mkdir -p ${BUILDDIR}
	cp $< $@

src.%:
#  recipe to execute (from 'Makefile', line 25):
	${MAKE} -C src $* BUILDDIR=${ABSBUILDDIR}

pkg.%:
#  recipe to execute (from 'Makefile', line 28):
	${MAKE} -C pkg $* BUILDDIR=${ABSBUILDDIR}

# 3 implicit rules, 0 (0.0%) terminal.

 
# Files

pkg.debian.prep: lic
#  Implicit rule search has not been done.
#  Modification time never checked.
#  File has not been updated.

all:
#  Phony target (prerequisite of .PHONY).
#  Command line target.
#  Implicit rule search has not been done.
#  File does not exist.
#  File has been updated.
#  Successfully updated.

.PHONY: all clean
#  Implicit rule search has not been done.
#  Modification time never checked.
#  File has not been updated.

# Not a target:
Makefile:
#  Implicit rule search has been done.
#  Last modified 2022-02-19 09:38:21.518926554
#  File has been updated.
#  Successfully updated.

# Not a target:
src.install:
#  Implicit rule search has not been done.
#  Modification time never checked.
#  File has not been updated.

pkg.txz.prep: lic
#  Implicit rule search has not been done.
#  Modification time never checked.
#  File has not been updated.

# Not a target:
src.clean:
#  Implicit rule search has not been done.
#  Modification time never checked.
#  File has not been updated.

# Not a target:
pkg.clean:
#  Implicit rule search has not been done.
#  Modification time never checked.
#  File has not been updated.

default: src.build
#  Implicit rule search has not been done.
#  Modification time never checked.
#  File has not been updated.

# Not a target:
.DEFAULT:
#  Implicit rule search has not been done.
#  Modification time never checked.
#  File has not been updated.

# Not a target:
/home/liu/documents/work/cuda/nccl/build/LICENSE.txt:
#  Implicit rule search has not been done.
#  Modification time never checked.
#  File has not been updated.

clean: src.clean pkg.clean
#  Phony target (prerequisite of .PHONY).
#  Implicit rule search has not been done.
#  File does not exist.
#  File has not been updated.

test.build: src.build
#  Implicit rule search has not been done.
#  Modification time never checked.
#  File has not been updated.

# Not a target:
src.build:
#  Implicit rule search has not been done.
#  Modification time never checked.
#  File has not been updated.

lic: /home/liu/documents/work/cuda/nccl/build/LICENSE.txt
#  Implicit rule search has not been done.
#  Modification time never checked.
#  File has not been updated.

install: src.install
#  Implicit rule search has not been done.
#  Modification time never checked.
#  File has not been updated.

# files hash-table stats:
# Load=17/1024=2%, Rehash=0, Collisions=0/38=0%
# VPATH Search Paths

# No 'vpath' search paths.

# No general ('VPATH' variable) search path.

# strcache buffers: 1 (0) / strings = 38 / storage = 411 B / avg = 10 B
# current buf: size = 8162 B / used = 411 B / count = 38 / avg = 10 B

# strcache performance: lookups = 55 / hit rate = 30%
# hash-table stats:
# Load=38/8192=0%, Rehash=0, Collisions=1/55=2%
# Finished Make data base on Thu Feb 24 19:09:09 2022

 
